# JRE version: OpenJDK Runtime Environment (8.0_152-b01) (build 1.8.0_152-release-915-b01)
# Java VM: OpenJDK 64-Bit Server VM (25.152-b01 mixed mode windows-amd64 compressed oops)
Heap:
 PSYoungGen      total 282112K, used 87498K [0x00000000e0000000, 0x00000000fc280000, 0x0000000100000000)
  eden space 221696K, 12% used [0x00000000e0000000,0x00000000e1a75c20,0x00000000ed880000)
  from space 60416K, 99% used [0x00000000ed880000,0x00000000f137cd48,0x00000000f1380000)
  to   space 100352K, 0% used [0x00000000f6080000,0x00000000f6080000,0x00000000fc280000)
 ParOldGen       total 233472K, used 143451K [0x00000000a0000000, 0x00000000ae400000, 0x00000000e0000000)
  object space 233472K, 61% used [0x00000000a0000000,0x00000000a8c16c08,0x00000000ae400000)
 Metaspace       used 88656K, capacity 97140K, committed 97624K, reserved 1134592K
  class space    used 11143K, capacity 13039K, committed 13184K, reserved 1048576K
GC Heap History (10 events):
Event: 4827.945 GC heap before
{Heap before GC invocations=43 (full 4):
 PSYoungGen      total 277504K, used 223952K [0x00000000e0000000, 0x00000000f5380000, 0x0000000100000000)
  eden space 205824K, 100% used [0x00000000e0000000,0x00000000ec900000,0x00000000ec900000)
  from space 71680K, 25% used [0x00000000f0d80000,0x00000000f1f34050,0x00000000f5380000)
  to   space 70144K, 0% used [0x00000000ec900000,0x00000000ec900000,0x00000000f0d80000)
 ParOldGen       total 233472K, used 57438K [0x00000000a0000000, 0x00000000ae400000, 0x00000000e0000000)
  object space 233472K, 24% used [0x00000000a0000000,0x00000000a38179e8,0x00000000ae400000)
 Metaspace       used 87919K, capacity 96196K, committed 97112K, reserved 1132544K
  class space    used 11069K, capacity 12937K, committed 13184K, reserved 1048576K
Event: 4828.076 GC heap after
Heap after GC invocations=43 (full 4):
 PSYoungGen      total 275968K, used 19499K [0x00000000e0000000, 0x00000000f5380000, 0x0000000100000000)
  eden space 205824K, 0% used [0x00000000e0000000,0x00000000e0000000,0x00000000ec900000)
  from space 70144K, 27% used [0x00000000ec900000,0x00000000edc0aee8,0x00000000f0d80000)
  to   space 68096K, 0% used [0x00000000f1100000,0x00000000f1100000,0x00000000f5380000)
 ParOldGen       total 233472K, used 57446K [0x00000000a0000000, 0x00000000ae400000, 0x00000000e0000000)
  object space 233472K, 24% used [0x00000000a0000000,0x00000000a38199e8,0x00000000ae400000)
 Metaspace       used 87919K, capacity 96196K, committed 97112K, reserved 1132544K
  class space    used 11069K, capacity 12937K, committed 13184K, reserved 1048576K
}
Event: 4989.401 GC heap before
{Heap before GC invocations=44 (full 4):
 PSYoungGen      total 275968K, used 225323K [0x00000000e0000000, 0x00000000f5380000, 0x0000000100000000)
  eden space 205824K, 100% used [0x00000000e0000000,0x00000000ec900000,0x00000000ec900000)
  from space 70144K, 27% used [0x00000000ec900000,0x00000000edc0aee8,0x00000000f0d80000)
  to   space 68096K, 0% used [0x00000000f1100000,0x00000000f1100000,0x00000000f5380000)
 ParOldGen       total 233472K, used 57446K [0x00000000a0000000, 0x00000000ae400000, 0x00000000e0000000)
  object space 233472K, 24% used [0x00000000a0000000,0x00000000a38199e8,0x00000000ae400000)
 Metaspace       used 88325K, capacity 96834K, committed 97368K, reserved 1134592K
  class space    used 11116K, capacity 13028K, committed 13184K, reserved 1048576K
Event: 4989.875 GC heap after
Heap after GC invocations=44 (full 4):
 PSYoungGen      total 274432K, used 25502K [0x00000000e0000000, 0x00000000f4e00000, 0x0000000100000000)
  eden space 211968K, 0% used [0x00000000e0000000,0x00000000e0000000,0x00000000ecf00000)
  from space 62464K, 40% used [0x00000000f1100000,0x00000000f29e7810,0x00000000f4e00000)
  to   space 65024K, 0% used [0x00000000ecf00000,0x00000000ecf00000,0x00000000f0e80000)
 ParOldGen       total 233472K, used 57454K [0x00000000a0000000, 0x00000000ae400000, 0x00000000e0000000)
  object space 233472K, 24% used [0x00000000a0000000,0x00000000a381b9e8,0x00000000ae400000)
 Metaspace       used 88325K, capacity 96834K, committed 97368K, reserved 1134592K
  class space    used 11116K, capacity 13028K, committed 13184K, reserved 1048576K
}
Event: 5022.547 GC heap before
{Heap before GC invocations=45 (full 4):
 PSYoungGen      total 274432K, used 237470K [0x00000000e0000000, 0x00000000f4e00000, 0x0000000100000000)
  eden space 211968K, 100% used [0x00000000e0000000,0x00000000ecf00000,0x00000000ecf00000)
  from space 62464K, 40% used [0x00000000f1100000,0x00000000f29e7810,0x00000000f4e00000)
  to   space 65024K, 0% used [0x00000000ecf00000,0x00000000ecf00000,0x00000000f0e80000)
 ParOldGen       total 233472K, used 57454K [0x00000000a0000000, 0x00000000ae400000, 0x00000000e0000000)
  object space 233472K, 24% used [0x00000000a0000000,0x00000000a381b9e8,0x00000000ae400000)
 Metaspace       used 88577K, capacity 97122K, committed 97624K, reserved 1134592K
  class space    used 11133K, capacity 13034K, committed 13184K, reserved 1048576K
Event: 5022.741 GC heap after
Heap after GC invocations=45 (full 4):
 PSYoungGen      total 276992K, used 32480K [0x00000000e0000000, 0x00000000f5080000, 0x0000000100000000)
  eden space 211968K, 0% used [0x00000000e0000000,0x00000000e0000000,0x00000000ecf00000)
  from space 65024K, 49% used [0x00000000ecf00000,0x00000000eeeb82b0,0x00000000f0e80000)
  to   space 62464K, 0% used [0x00000000f1380000,0x00000000f1380000,0x00000000f5080000)
 ParOldGen       total 233472K, used 57462K [0x00000000a0000000, 0x00000000ae400000, 0x00000000e0000000)
  object space 233472K, 24% used [0x00000000a0000000,0x00000000a381d9e8,0x00000000ae400000)
 Metaspace       used 88577K, capacity 97122K, committed 97624K, reserved 1134592K
  class space    used 11133K, capacity 13034K, committed 13184K, reserved 1048576K
}
Event: 5023.734 GC heap before
{Heap before GC invocations=46 (full 4):
 PSYoungGen      total 276992K, used 244448K [0x00000000e0000000, 0x00000000f5080000, 0x0000000100000000)
  eden space 211968K, 100% used [0x00000000e0000000,0x00000000ecf00000,0x00000000ecf00000)
  from space 65024K, 49% used [0x00000000ecf00000,0x00000000eeeb82b0,0x00000000f0e80000)
  to   space 62464K, 0% used [0x00000000f1380000,0x00000000f1380000,0x00000000f5080000)
 ParOldGen       total 233472K, used 57463K [0x00000000a0000000, 0x00000000ae400000, 0x00000000e0000000)
  object space 233472K, 24% used [0x00000000a0000000,0x00000000a381ddc8,0x00000000ae400000)
 Metaspace       used 88595K, capacity 97122K, committed 97624K, reserved 1134592K
  class space    used 11133K, capacity 13034K, committed 13184K, reserved 1048576K
Event: 5023.900 GC heap after
Heap after GC invocations=46 (full 4):
 PSYoungGen      total 284160K, used 31848K [0x00000000e0000000, 0x00000000f6580000, 0x0000000100000000)
  eden space 221696K, 0% used [0x00000000e0000000,0x00000000e0000000,0x00000000ed880000)
  from space 62464K, 50% used [0x00000000f1380000,0x00000000f329a270,0x00000000f5080000)
  to   space 60416K, 0% used [0x00000000ed880000,0x00000000ed880000,0x00000000f1380000)
 ParOldGen       total 233472K, used 57471K [0x00000000a0000000, 0x00000000ae400000, 0x00000000e0000000)
  object space 233472K, 24% used [0x00000000a0000000,0x00000000a381fdc8,0x00000000ae400000)
 Metaspace       used 88595K, capacity 97122K, committed 97624K, reserved 1134592K
  class space    used 11133K, capacity 13034K, committed 13184K, reserved 1048576K
}
Event: 5028.455 GC heap before
{Heap before GC invocations=47 (full 4):
 PSYoungGen      total 284160K, used 253544K [0x00000000e0000000, 0x00000000f6580000, 0x0000000100000000)
  eden space 221696K, 100% used [0x00000000e0000000,0x00000000ed880000,0x00000000ed880000)
  from space 62464K, 50% used [0x00000000f1380000,0x00000000f329a270,0x00000000f5080000)
  to   space 60416K, 0% used [0x00000000ed880000,0x00000000ed880000,0x00000000f1380000)
 ParOldGen       total 233472K, used 57477K [0x00000000a0000000, 0x00000000ae400000, 0x00000000e0000000)
  object space 233472K, 24% used [0x00000000a0000000,0x00000000a3821518,0x00000000ae400000)
 Metaspace       used 88654K, capacity 97140K, committed 97624K, reserved 1134592K
  class space    used 11143K, capacity 13039K, committed 13184K, reserved 1048576K
Event: 5029.122 GC heap after
Heap after GC invocations=47 (full 4):
 PSYoungGen      total 282112K, used 60403K [0x00000000e0000000, 0x00000000fc280000, 0x0000000100000000)
  eden space 221696K, 0% used [0x00000000e0000000,0x00000000e0000000,0x00000000ed880000)
  from space 60416K, 99% used [0x00000000ed880000,0x00000000f137cd48,0x00000000f1380000)
  to   space 100352K, 0% used [0x00000000f6080000,0x00000000f6080000,0x00000000fc280000)
 ParOldGen       total 233472K, used 143451K [0x00000000a0000000, 0x00000000ae400000, 0x00000000e0000000)
  object space 233472K, 61% used [0x00000000a0000000,0x00000000a8c16c08,0x00000000ae400000)
 Metaspace       used 88654K, capacity 97140K, committed 97624K, reserved 1134592K
  class space    used 11143K, capacity 13039K, committed 13184K, reserved 1048576K
}

